2025/07/30 12:33:22 [warn] 1#1: the "listen ... http2" directive is deprecated, use the "http2" directive instead in /etc/nginx/nginx.conf:50
2025/07/31 11:22:00 [warn] 1#1: the "listen ... http2" directive is deprecated, use the "http2" directive instead in /etc/nginx/nginx.conf:127
2025/07/31 11:22:00 [emerg] 1#1: BIO_new_file("/etc/nginx/ssl/dhparam.pem") failed (SSL: error:80000002:system library::No such file or directory:calling fopen(/etc/nginx/ssl/dhparam.pem, r) error:10000080:BIO routines::no such file)
2025/07/31 11:22:00 [warn] 1#1: the "listen ... http2" directive is deprecated, use the "http2" directive instead in /etc/nginx/nginx.conf:127
2025/07/31 11:22:00 [emerg] 1#1: BIO_new_file("/etc/nginx/ssl/dhparam.pem") failed (SSL: error:80000002:system library::No such file or directory:calling fopen(/etc/nginx/ssl/dhparam.pem, r) error:10000080:BIO routines::no such file)
2025/07/31 11:22:00 [warn] 1#1: the "listen ... http2" directive is deprecated, use the "http2" directive instead in /etc/nginx/nginx.conf:127
2025/07/31 11:22:00 [emerg] 1#1: BIO_new_file("/etc/nginx/ssl/dhparam.pem") failed (SSL: error:80000002:system library::No such file or directory:calling fopen(/etc/nginx/ssl/dhparam.pem, r) error:10000080:BIO routines::no such file)
2025/07/31 11:22:01 [warn] 1#1: the "listen ... http2" directive is deprecated, use the "http2" directive instead in /etc/nginx/nginx.conf:127
2025/07/31 11:22:01 [emerg] 1#1: BIO_new_file("/etc/nginx/ssl/dhparam.pem") failed (SSL: error:80000002:system library::No such file or directory:calling fopen(/etc/nginx/ssl/dhparam.pem, r) error:10000080:BIO routines::no such file)
2025/07/31 11:22:02 [warn] 1#1: the "listen ... http2" directive is deprecated, use the "http2" directive instead in /etc/nginx/nginx.conf:127
2025/07/31 11:22:02 [emerg] 1#1: BIO_new_file("/etc/nginx/ssl/dhparam.pem") failed (SSL: error:80000002:system library::No such file or directory:calling fopen(/etc/nginx/ssl/dhparam.pem, r) error:10000080:BIO routines::no such file)
2025/07/31 11:22:04 [warn] 1#1: the "listen ... http2" directive is deprecated, use the "http2" directive instead in /etc/nginx/nginx.conf:127
2025/07/31 11:22:04 [emerg] 1#1: BIO_new_file("/etc/nginx/ssl/dhparam.pem") failed (SSL: error:80000002:system library::No such file or directory:calling fopen(/etc/nginx/ssl/dhparam.pem, r) error:10000080:BIO routines::no such file)
2025/07/31 11:22:08 [warn] 1#1: the "listen ... http2" directive is deprecated, use the "http2" directive instead in /etc/nginx/nginx.conf:127
2025/07/31 11:22:08 [emerg] 1#1: BIO_new_file("/etc/nginx/ssl/dhparam.pem") failed (SSL: error:80000002:system library::No such file or directory:calling fopen(/etc/nginx/ssl/dhparam.pem, r) error:10000080:BIO routines::no such file)
2025/07/31 11:22:15 [warn] 1#1: the "listen ... http2" directive is deprecated, use the "http2" directive instead in /etc/nginx/nginx.conf:127
2025/07/31 11:22:15 [emerg] 1#1: BIO_new_file("/etc/nginx/ssl/dhparam.pem") failed (SSL: error:80000002:system library::No such file or directory:calling fopen(/etc/nginx/ssl/dhparam.pem, r) error:10000080:BIO routines::no such file)
2025/07/31 11:22:29 [warn] 1#1: the "listen ... http2" directive is deprecated, use the "http2" directive instead in /etc/nginx/nginx.conf:127
2025/07/31 11:22:29 [emerg] 1#1: BIO_new_file("/etc/nginx/ssl/dhparam.pem") failed (SSL: error:80000002:system library::No such file or directory:calling fopen(/etc/nginx/ssl/dhparam.pem, r) error:10000080:BIO routines::no such file)
2025/07/31 11:22:55 [warn] 1#1: the "listen ... http2" directive is deprecated, use the "http2" directive instead in /etc/nginx/nginx.conf:127
2025/07/31 11:22:55 [emerg] 1#1: BIO_new_file("/etc/nginx/ssl/dhparam.pem") failed (SSL: error:80000002:system library::No such file or directory:calling fopen(/etc/nginx/ssl/dhparam.pem, r) error:10000080:BIO routines::no such file)
2025/07/31 11:23:17 [warn] 1#1: the "listen ... http2" directive is deprecated, use the "http2" directive instead in /etc/nginx/nginx.conf:127
2025/07/31 11:23:17 [warn] 1#1: "ssl_stapling" ignored, issuer certificate not found for certificate "/etc/nginx/ssl/cert.pem"
2025/07/31 18:26:40 [warn] 1#1: the "listen ... http2" directive is deprecated, use the "http2" directive instead in /etc/nginx/nginx.conf:121
2025/07/31 18:26:40 [emerg] 1#1: cannot load certificate "/etc/nginx/ssl/cert.pem": BIO_new_file() failed (SSL: error:80000002:system library::No such file or directory:calling fopen(/etc/nginx/ssl/cert.pem, r) error:10000080:BIO routines::no such file)
2025/07/31 18:26:41 [warn] 1#1: the "listen ... http2" directive is deprecated, use the "http2" directive instead in /etc/nginx/nginx.conf:121
2025/07/31 18:26:41 [emerg] 1#1: cannot load certificate "/etc/nginx/ssl/cert.pem": BIO_new_file() failed (SSL: error:80000002:system library::No such file or directory:calling fopen(/etc/nginx/ssl/cert.pem, r) error:10000080:BIO routines::no such file)
2025/07/31 18:26:41 [warn] 1#1: the "listen ... http2" directive is deprecated, use the "http2" directive instead in /etc/nginx/nginx.conf:121
2025/07/31 18:26:41 [emerg] 1#1: cannot load certificate "/etc/nginx/ssl/cert.pem": BIO_new_file() failed (SSL: error:80000002:system library::No such file or directory:calling fopen(/etc/nginx/ssl/cert.pem, r) error:10000080:BIO routines::no such file)
2025/07/31 18:26:42 [warn] 1#1: the "listen ... http2" directive is deprecated, use the "http2" directive instead in /etc/nginx/nginx.conf:121
2025/07/31 18:26:42 [emerg] 1#1: cannot load certificate "/etc/nginx/ssl/cert.pem": BIO_new_file() failed (SSL: error:80000002:system library::No such file or directory:calling fopen(/etc/nginx/ssl/cert.pem, r) error:10000080:BIO routines::no such file)
2025/07/31 18:26:43 [warn] 1#1: the "listen ... http2" directive is deprecated, use the "http2" directive instead in /etc/nginx/nginx.conf:121
2025/07/31 18:26:43 [emerg] 1#1: cannot load certificate "/etc/nginx/ssl/cert.pem": BIO_new_file() failed (SSL: error:80000002:system library::No such file or directory:calling fopen(/etc/nginx/ssl/cert.pem, r) error:10000080:BIO routines::no such file)
2025/07/31 18:26:45 [warn] 1#1: the "listen ... http2" directive is deprecated, use the "http2" directive instead in /etc/nginx/nginx.conf:121
2025/07/31 18:26:45 [emerg] 1#1: cannot load certificate "/etc/nginx/ssl/cert.pem": BIO_new_file() failed (SSL: error:80000002:system library::No such file or directory:calling fopen(/etc/nginx/ssl/cert.pem, r) error:10000080:BIO routines::no such file)
2025/07/31 18:26:48 [warn] 1#1: the "listen ... http2" directive is deprecated, use the "http2" directive instead in /etc/nginx/nginx.conf:121
2025/07/31 18:26:48 [emerg] 1#1: cannot load certificate "/etc/nginx/ssl/cert.pem": BIO_new_file() failed (SSL: error:80000002:system library::No such file or directory:calling fopen(/etc/nginx/ssl/cert.pem, r) error:10000080:BIO routines::no such file)
2025/07/31 18:26:55 [emerg] 1#1: host not found in upstream "backend:5000" in /etc/nginx/nginx.conf:49
2025/07/31 18:27:08 [emerg] 1#1: host not found in upstream "backend:5000" in /etc/nginx/nginx.conf:49
2025/07/31 18:27:34 [emerg] 1#1: host not found in upstream "backend:5000" in /etc/nginx/nginx.conf:49
2025/07/31 18:28:29 [warn] 1#1: the "listen ... http2" directive is deprecated, use the "http2" directive instead in /etc/nginx/nginx.conf:121
2025/07/31 18:28:29 [emerg] 1#1: cannot load certificate "/etc/nginx/ssl/cert.pem": BIO_new_file() failed (SSL: error:80000002:system library::No such file or directory:calling fopen(/etc/nginx/ssl/cert.pem, r) error:10000080:BIO routines::no such file)
2025/07/31 18:28:30 [warn] 1#1: the "listen ... http2" directive is deprecated, use the "http2" directive instead in /etc/nginx/nginx.conf:121
2025/07/31 18:28:30 [emerg] 1#1: cannot load certificate "/etc/nginx/ssl/cert.pem": BIO_new_file() failed (SSL: error:80000002:system library::No such file or directory:calling fopen(/etc/nginx/ssl/cert.pem, r) error:10000080:BIO routines::no such file)
2025/07/31 18:28:30 [warn] 1#1: the "listen ... http2" directive is deprecated, use the "http2" directive instead in /etc/nginx/nginx.conf:121
2025/07/31 18:28:30 [emerg] 1#1: cannot load certificate "/etc/nginx/ssl/cert.pem": BIO_new_file() failed (SSL: error:80000002:system library::No such file or directory:calling fopen(/etc/nginx/ssl/cert.pem, r) error:10000080:BIO routines::no such file)
2025/07/31 18:28:31 [warn] 1#1: the "listen ... http2" directive is deprecated, use the "http2" directive instead in /etc/nginx/nginx.conf:121
2025/07/31 18:28:31 [emerg] 1#1: cannot load certificate "/etc/nginx/ssl/cert.pem": BIO_new_file() failed (SSL: error:80000002:system library::No such file or directory:calling fopen(/etc/nginx/ssl/cert.pem, r) error:10000080:BIO routines::no such file)
2025/07/31 18:28:32 [warn] 1#1: the "listen ... http2" directive is deprecated, use the "http2" directive instead in /etc/nginx/nginx.conf:121
2025/07/31 18:28:32 [emerg] 1#1: cannot load certificate "/etc/nginx/ssl/cert.pem": BIO_new_file() failed (SSL: error:80000002:system library::No such file or directory:calling fopen(/etc/nginx/ssl/cert.pem, r) error:10000080:BIO routines::no such file)
2025/07/31 18:28:34 [warn] 1#1: the "listen ... http2" directive is deprecated, use the "http2" directive instead in /etc/nginx/nginx.conf:121
2025/07/31 18:28:34 [emerg] 1#1: cannot load certificate "/etc/nginx/ssl/cert.pem": BIO_new_file() failed (SSL: error:80000002:system library::No such file or directory:calling fopen(/etc/nginx/ssl/cert.pem, r) error:10000080:BIO routines::no such file)
2025/07/31 18:28:37 [emerg] 1#1: host not found in upstream "backend:5000" in /etc/nginx/nginx.conf:49
2025/07/31 18:28:44 [emerg] 1#1: host not found in upstream "backend:5000" in /etc/nginx/nginx.conf:49
2025/07/31 18:28:57 [emerg] 1#1: host not found in upstream "backend:5000" in /etc/nginx/nginx.conf:49
2025/07/31 18:29:23 [emerg] 1#1: host not found in upstream "backend:5000" in /etc/nginx/nginx.conf:49
2025/07/31 18:30:16 [warn] 1#1: the "listen ... http2" directive is deprecated, use the "http2" directive instead in /etc/nginx/nginx.conf:121
2025/07/31 18:30:16 [emerg] 1#1: cannot load certificate "/etc/nginx/ssl/cert.pem": BIO_new_file() failed (SSL: error:80000002:system library::No such file or directory:calling fopen(/etc/nginx/ssl/cert.pem, r) error:10000080:BIO routines::no such file)
2025/07/31 18:30:16 [warn] 1#1: the "listen ... http2" directive is deprecated, use the "http2" directive instead in /etc/nginx/nginx.conf:121
2025/07/31 18:30:16 [emerg] 1#1: cannot load certificate "/etc/nginx/ssl/cert.pem": BIO_new_file() failed (SSL: error:80000002:system library::No such file or directory:calling fopen(/etc/nginx/ssl/cert.pem, r) error:10000080:BIO routines::no such file)
2025/07/31 18:30:16 [warn] 1#1: the "listen ... http2" directive is deprecated, use the "http2" directive instead in /etc/nginx/nginx.conf:121
2025/07/31 18:30:16 [emerg] 1#1: cannot load certificate "/etc/nginx/ssl/cert.pem": BIO_new_file() failed (SSL: error:80000002:system library::No such file or directory:calling fopen(/etc/nginx/ssl/cert.pem, r) error:10000080:BIO routines::no such file)
2025/07/31 18:30:17 [warn] 1#1: the "listen ... http2" directive is deprecated, use the "http2" directive instead in /etc/nginx/nginx.conf:121
2025/07/31 18:30:17 [emerg] 1#1: cannot load certificate "/etc/nginx/ssl/cert.pem": BIO_new_file() failed (SSL: error:80000002:system library::No such file or directory:calling fopen(/etc/nginx/ssl/cert.pem, r) error:10000080:BIO routines::no such file)
2025/07/31 18:30:18 [warn] 1#1: the "listen ... http2" directive is deprecated, use the "http2" directive instead in /etc/nginx/nginx.conf:121
2025/07/31 18:30:18 [emerg] 1#1: cannot load certificate "/etc/nginx/ssl/cert.pem": BIO_new_file() failed (SSL: error:80000002:system library::No such file or directory:calling fopen(/etc/nginx/ssl/cert.pem, r) error:10000080:BIO routines::no such file)
2025/07/31 18:30:20 [warn] 1#1: the "listen ... http2" directive is deprecated, use the "http2" directive instead in /etc/nginx/nginx.conf:121
2025/07/31 18:30:20 [emerg] 1#1: cannot load certificate "/etc/nginx/ssl/cert.pem": BIO_new_file() failed (SSL: error:80000002:system library::No such file or directory:calling fopen(/etc/nginx/ssl/cert.pem, r) error:10000080:BIO routines::no such file)
2025/07/31 18:30:23 [warn] 1#1: the "listen ... http2" directive is deprecated, use the "http2" directive instead in /etc/nginx/nginx.conf:121
2025/07/31 18:30:23 [emerg] 1#1: cannot load certificate "/etc/nginx/ssl/cert.pem": BIO_new_file() failed (SSL: error:80000002:system library::No such file or directory:calling fopen(/etc/nginx/ssl/cert.pem, r) error:10000080:BIO routines::no such file)
2025/07/31 18:30:30 [warn] 1#1: the "listen ... http2" directive is deprecated, use the "http2" directive instead in /etc/nginx/nginx.conf:121
2025/07/31 18:30:30 [emerg] 1#1: cannot load certificate "/etc/nginx/ssl/cert.pem": BIO_new_file() failed (SSL: error:80000002:system library::No such file or directory:calling fopen(/etc/nginx/ssl/cert.pem, r) error:10000080:BIO routines::no such file)
2025/07/31 18:30:43 [warn] 1#1: the "listen ... http2" directive is deprecated, use the "http2" directive instead in /etc/nginx/nginx.conf:121
2025/07/31 18:30:43 [emerg] 1#1: cannot load certificate "/etc/nginx/ssl/cert.pem": BIO_new_file() failed (SSL: error:80000002:system library::No such file or directory:calling fopen(/etc/nginx/ssl/cert.pem, r) error:10000080:BIO routines::no such file)
2025/07/31 18:31:09 [warn] 1#1: the "listen ... http2" directive is deprecated, use the "http2" directive instead in /etc/nginx/nginx.conf:121
2025/07/31 18:31:09 [emerg] 1#1: cannot load certificate "/etc/nginx/ssl/cert.pem": BIO_new_file() failed (SSL: error:80000002:system library::No such file or directory:calling fopen(/etc/nginx/ssl/cert.pem, r) error:10000080:BIO routines::no such file)
2025/07/31 18:32:01 [warn] 1#1: the "listen ... http2" directive is deprecated, use the "http2" directive instead in /etc/nginx/nginx.conf:121
2025/07/31 18:32:01 [emerg] 1#1: cannot load certificate "/etc/nginx/ssl/cert.pem": BIO_new_file() failed (SSL: error:80000002:system library::No such file or directory:calling fopen(/etc/nginx/ssl/cert.pem, r) error:10000080:BIO routines::no such file)
2025/07/31 18:33:01 [warn] 1#1: the "listen ... http2" directive is deprecated, use the "http2" directive instead in /etc/nginx/nginx.conf:121
2025/07/31 18:33:01 [emerg] 1#1: cannot load certificate "/etc/nginx/ssl/cert.pem": BIO_new_file() failed (SSL: error:80000002:system library::No such file or directory:calling fopen(/etc/nginx/ssl/cert.pem, r) error:10000080:BIO routines::no such file)
